<?xml version="1.0" encoding="UTF-8"?>
<testng-results skipped="0" failed="0" ignored="0" total="1" passed="1">
  <reporter-output>
  </reporter-output>
  <suite name="Suite1" duration-ms="2462" started-at="2018-12-30T19:37:34Z" finished-at="2018-12-30T19:37:36Z">
    <groups>
      <group name="cucumber">
        <method signature="AbstractTestNGCucumberTests.feature(cucumber.api.testng.CucumberFeatureWrapper)[pri:0, instance:com.my.testRunner.TestRunner@7cd62f43]" name="feature" class="cucumber.api.testng.AbstractTestNGCucumberTests"/>
      </group> <!-- cucumber -->
    </groups>
    <test name="Nopackage" duration-ms="2462" started-at="2018-12-30T19:37:34Z" finished-at="2018-12-30T19:37:36Z">
      <class name="com.my.testRunner.TestRunner">
        <test-method status="PASS" signature="setUpClass()[pri:0, instance:com.my.testRunner.TestRunner@7cd62f43]" name="setUpClass" is-config="true" duration-ms="1226" started-at="2018-12-30T19:37:34Z" finished-at="2018-12-30T19:37:35Z">
          <reporter-output>
          </reporter-output>
        </test-method> <!-- setUpClass -->
        <test-method status="PASS" signature="feature(cucumber.api.testng.CucumberFeatureWrapper)[pri:0, instance:com.my.testRunner.TestRunner@7cd62f43]" name="feature" duration-ms="134" started-at="2018-12-30T19:37:36Z" description="Runs Cucumber Feature" data-provider="features" finished-at="2018-12-30T19:37:36Z">
          <params>
            <param index="0">
              <value>
                <![CDATA[As a site visitor]]>
              </value>
            </param>
          </params>
          <reporter-output>
          </reporter-output>
        </test-method> <!-- feature -->
        <test-method status="PASS" signature="tearDownClass()[pri:0, instance:com.my.testRunner.TestRunner@7cd62f43]" name="tearDownClass" is-config="true" duration-ms="206" started-at="2018-12-30T19:37:36Z" finished-at="2018-12-30T19:37:36Z">
          <reporter-output>
          </reporter-output>
        </test-method> <!-- tearDownClass -->
      </class> <!-- com.my.testRunner.TestRunner -->
    </test> <!-- Nopackage -->
  </suite> <!-- Suite1 -->
</testng-results>
